2024-02-23 14:45:30,631 INFO: YourApp startup [in C:\Users\Vlad\Desktop\pregatireMunca\ProiectMuncaWebPage\webpage\webpage.py:23]
2024-02-23 14:45:31,453 INFO: YourApp startup [in C:\Users\Vlad\Desktop\pregatireMunca\ProiectMuncaWebPage\webpage\webpage.py:23]
2024-02-23 14:45:38,046 INFO: Requested data from html form successfully [in C:\Users\Vlad\Desktop\pregatireMunca\ProiectMuncaWebPage\webpage\webpage.py:60]
2024-02-23 14:45:38,156 ERROR: Error fetching data from the API: 400 Client Error: Bad Request for url: http://api.weatherapi.com/v1/forecast.json?key=c9e7fb3a081a40cc9a9155106242102&q=qweqwd&days=3 [in C:\Users\Vlad\Desktop\pregatireMunca\ProiectMuncaWebPage\webpage\Utils\utils.py:60]
2024-02-23 14:45:41,423 INFO: Requested data from html form successfully [in C:\Users\Vlad\Desktop\pregatireMunca\ProiectMuncaWebPage\webpage\webpage.py:60]
2024-02-23 14:45:41,524 ERROR: Error fetching data from the API: 400 Client Error: Bad Request for url: http://api.weatherapi.com/v1/forecast.json?key=c9e7fb3a081a40cc9a9155106242102&q=qwdqwd&days=3 [in C:\Users\Vlad\Desktop\pregatireMunca\ProiectMuncaWebPage\webpage\Utils\utils.py:60]
2024-02-23 14:45:45,261 INFO: Requested data from html form successfully [in C:\Users\Vlad\Desktop\pregatireMunca\ProiectMuncaWebPage\webpage\webpage.py:60]
2024-02-23 14:45:45,358 ERROR: Error fetching data from the API: 400 Client Error: Bad Request for url: http://api.weatherapi.com/v1/forecast.json?key=c9e7fb3a081a40cc9a9155106242102&q=asdqweasd&days=3 [in C:\Users\Vlad\Desktop\pregatireMunca\ProiectMuncaWebPage\webpage\Utils\utils.py:60]
2024-02-23 14:45:49,868 INFO: Requested data from html form successfully [in C:\Users\Vlad\Desktop\pregatireMunca\ProiectMuncaWebPage\webpage\webpage.py:60]
2024-02-23 14:45:49,991 INFO: Requested data from html form successfully [in C:\Users\Vlad\Desktop\pregatireMunca\ProiectMuncaWebPage\webpage\webpage.py:72]
2024-02-23 14:45:49,992 INFO: Fetched data from API successfully [in C:\Users\Vlad\Desktop\pregatireMunca\ProiectMuncaWebPage\webpage\webpage.py:75]
2024-02-23 14:45:50,001 INFO: Made changes to database successfully [in C:\Users\Vlad\Desktop\pregatireMunca\ProiectMuncaWebPage\webpage\webpage.py:106]
2024-02-23 14:45:53,104 INFO: Requested data from html form successfully [in C:\Users\Vlad\Desktop\pregatireMunca\ProiectMuncaWebPage\webpage\webpage.py:60]
2024-02-23 14:45:53,231 ERROR: Error fetching data from the API: 400 Client Error: Bad Request for url: http://api.weatherapi.com/v1/forecast.json?key=c9e7fb3a081a40cc9a9155106242102&q=asdqwdqsd&days=3 [in C:\Users\Vlad\Desktop\pregatireMunca\ProiectMuncaWebPage\webpage\Utils\utils.py:60]
2024-02-23 14:45:56,805 INFO: Requested data from html form successfully [in C:\Users\Vlad\Desktop\pregatireMunca\ProiectMuncaWebPage\webpage\webpage.py:60]
2024-02-23 14:45:56,904 ERROR: Error fetching data from the API: 400 Client Error: Bad Request for url: http://api.weatherapi.com/v1/forecast.json?key=c9e7fb3a081a40cc9a9155106242102&q=ascfzwqe&days=3 [in C:\Users\Vlad\Desktop\pregatireMunca\ProiectMuncaWebPage\webpage\Utils\utils.py:60]
2024-02-23 14:48:52,864 INFO: YourApp startup [in C:\Users\Vlad\Desktop\pregatireMunca\ProiectMuncaWebPage\webpage\webpage.py:23]
2024-02-23 14:48:53,598 INFO: YourApp startup [in C:\Users\Vlad\Desktop\pregatireMunca\ProiectMuncaWebPage\webpage\webpage.py:23]
2024-02-23 14:48:58,553 INFO: Requested data from html form successfully [in C:\Users\Vlad\Desktop\pregatireMunca\ProiectMuncaWebPage\webpage\webpage.py:59]
2024-02-23 14:48:58,691 INFO: Requested data from html form successfully [in C:\Users\Vlad\Desktop\pregatireMunca\ProiectMuncaWebPage\webpage\webpage.py:71]
2024-02-23 14:48:58,692 INFO: Fetched data from API successfully [in C:\Users\Vlad\Desktop\pregatireMunca\ProiectMuncaWebPage\webpage\webpage.py:74]
2024-02-23 14:48:58,708 INFO: Made changes to database successfully [in C:\Users\Vlad\Desktop\pregatireMunca\ProiectMuncaWebPage\webpage\webpage.py:105]
2024-02-23 14:49:00,918 INFO: Requested data from html form successfully [in C:\Users\Vlad\Desktop\pregatireMunca\ProiectMuncaWebPage\webpage\webpage.py:59]
2024-02-23 14:49:01,024 ERROR: Error fetching data from the API: 400 Client Error: Bad Request for url: http://api.weatherapi.com/v1/forecast.json?key=c9e7fb3a081a40cc9a9155106242102&q=awdqsd&days=3 [in C:\Users\Vlad\Desktop\pregatireMunca\ProiectMuncaWebPage\webpage\utils\utils.py:60]
2024-02-23 14:49:08,948 INFO: Requested data from html form successfully [in C:\Users\Vlad\Desktop\pregatireMunca\ProiectMuncaWebPage\webpage\webpage.py:59]
2024-02-23 14:49:09,120 INFO: Requested data from html form successfully [in C:\Users\Vlad\Desktop\pregatireMunca\ProiectMuncaWebPage\webpage\webpage.py:71]
2024-02-23 14:49:09,121 INFO: Fetched data from API successfully [in C:\Users\Vlad\Desktop\pregatireMunca\ProiectMuncaWebPage\webpage\webpage.py:74]
2024-02-23 14:49:09,160 INFO: Made changes to database successfully [in C:\Users\Vlad\Desktop\pregatireMunca\ProiectMuncaWebPage\webpage\webpage.py:105]
